[04:47:40]  DEBUG: Final token used - c2efd95ce3
[04:47:40]  DEBUG: verify_session - Token to verify: c2efd95ce3...
[04:47:40]  DEBUG: verify_session - Verifying token with current date: 21/04/2025 04:47:40
[04:47:40]  DEBUG: verify_session - Token found in database, session: {'id': 1, 'user_id': 1, 'token': 'c2efd95ce334e681946a80fbd5d1dca6607a06ffbf8da70d23a47878d162bc6c', 'created_at': '20/04/2025 22:58:13', 'expires_at': '2025-04-21T22:58:13', 'email': 'admin@nimhawk.com', 'admin': True}
[04:47:40]  DEBUG: verify_session - Expiration date: 2025-04-21T22:58:13
[04:47:40]  DEBUG: verify_session - Session valid
[04:47:40]  DEBUG: verify_session - Session valid for user: admin@nimhawk.com
[04:47:40]  DEBUG: Token verified successfully for user: admin@nimhawk.com
[04:47:40]  DEBUG: db_get_nimplant_info - Querying nimplants for server_guid: A0ba8qwD
[04:47:40]  DEBUG: db_get_nimplant_info - Total Implants in the table: 25
[04:47:40]  DEBUG: db_get_nimplant_info - Implants for this server: 1
[04:47:40]  DEBUG: db_get_nimplant_info - Results obtained: 1
[04:47:40]  DEBUG: db_get_nimplant_info - First record: {'id': 1, 'guid': 'leZnnhUc', 'active': True, 'late': False, 'ipAddrInt': '192.168.56.1', 'ipAddrExt': '192.168.100.20', 'username': 'hdbreaker', 'hostname': 'WINDOWS-LAB', 'pid': 10872, 'pname': 'implant.exe', 'lastCheckin': '21/04/2025 04:47:38', 'workspace_uuid': ''}
[04:47:40]  DEBUG: Getting all implants, count: 1
[04:47:40]  DEBUG: Total workspaces found: 0
[04:47:40]  DEBUG: Implant leZnnhUc has no workspace_uuid assigned
[04:47:40]  DEBUG: Final token used - c2efd95ce3
[04:47:40]  DEBUG: verify_session - Token to verify: c2efd95ce3...
[04:47:40]  DEBUG: verify_session - Verifying token with current date: 21/04/2025 04:47:40
[04:47:40]  DEBUG: verify_session - Token found in database, session: {'id': 1, 'user_id': 1, 'token': 'c2efd95ce334e681946a80fbd5d1dca6607a06ffbf8da70d23a47878d162bc6c', 'created_at': '20/04/2025 22:58:13', 'expires_at': '2025-04-21T22:58:13', 'email': 'admin@nimhawk.com', 'admin': True}
[04:47:40]  DEBUG: verify_session - Expiration date: 2025-04-21T22:58:13
[04:47:40]  DEBUG: verify_session - Session valid
[04:47:40]  DEBUG: verify_session - Session valid for user: admin@nimhawk.com
[04:47:40]  DEBUG: Token verified successfully for user: admin@nimhawk.com
[04:47:40]  DEBUG: Final token used - c2efd95ce3
[04:47:40]  DEBUG: verify_session - Token to verify: c2efd95ce3...
[04:47:40]  DEBUG: verify_session - Verifying token with current date: 21/04/2025 04:47:40
[04:47:40]  DEBUG: verify_session - Token found in database, session: {'id': 1, 'user_id': 1, 'token': 'c2efd95ce334e681946a80fbd5d1dca6607a06ffbf8da70d23a47878d162bc6c', 'created_at': '20/04/2025 22:58:13', 'expires_at': '2025-04-21T22:58:13', 'email': 'admin@nimhawk.com', 'admin': True}
[04:47:40]  DEBUG: verify_session - Expiration date: 2025-04-21T22:58:13
[04:47:40]  DEBUG: verify_session - Session valid
[04:47:40]  DEBUG: verify_session - Session valid for user: admin@nimhawk.com
[04:47:40]  DEBUG: Token verified successfully for user: admin@nimhawk.com
[04:47:40]  DEBUG: db_get_file_transfers - Querying transfers for: leZnnhUc
[04:47:40]  DEBUG: db_get_file_transfers - Found 14 transfers
[04:47:40]  DEBUG: Final token used - c2efd95ce3
[04:47:40]  DEBUG: verify_session - Token to verify: c2efd95ce3...
[04:47:40]  DEBUG: verify_session - Verifying token with current date: 21/04/2025 04:47:40
[04:47:40]  DEBUG: verify_session - Token found in database, session: {'id': 1, 'user_id': 1, 'token': 'c2efd95ce334e681946a80fbd5d1dca6607a06ffbf8da70d23a47878d162bc6c', 'created_at': '20/04/2025 22:58:13', 'expires_at': '2025-04-21T22:58:13', 'email': 'admin@nimhawk.com', 'admin': True}
[04:47:40]  DEBUG: verify_session - Expiration date: 2025-04-21T22:58:13
[04:47:40]  DEBUG: verify_session - Session valid
[04:47:40]  DEBUG: verify_session - Session valid for user: admin@nimhawk.com
[04:47:40]  DEBUG: Token verified successfully for user: admin@nimhawk.com
[04:47:40]  DEBUG: /api/downloads - Request received
[04:47:40]  DEBUG: /api/downloads - Filtering by GUID: leZnnhUc
[04:47:40]  DEBUG: /api/downloads - Looking in path: /Users/hdbreaker/Desktop/Scripts/Nimhawk/server/downloads/server-A0ba8qwD
[04:47:40]  DEBUG: /api/downloads - Found 0 items
[04:47:40]  DEBUG: Final token used - c2efd95ce3
[04:47:40]  DEBUG: verify_session - Token to verify: c2efd95ce3...
[04:47:40]  DEBUG: verify_session - Verifying token with current date: 21/04/2025 04:47:40
[04:47:40]  DEBUG: verify_session - Token found in database, session: {'id': 1, 'user_id': 1, 'token': 'c2efd95ce334e681946a80fbd5d1dca6607a06ffbf8da70d23a47878d162bc6c', 'created_at': '20/04/2025 22:58:13', 'expires_at': '2025-04-21T22:58:13', 'email': 'admin@nimhawk.com', 'admin': True}
[04:47:40]  DEBUG: verify_session - Expiration date: 2025-04-21T22:58:13
[04:47:40]  DEBUG: verify_session - Session valid
[04:47:40]  DEBUG: verify_session - Session valid for user: admin@nimhawk.com
[04:47:40]  DEBUG: Token verified successfully for user: admin@nimhawk.com
[04:47:40]  DEBUG: Final token used - c2efd95ce3
[04:47:40]  DEBUG: verify_session - Token to verify: c2efd95ce3...
[04:47:40]  DEBUG: verify_session - Verifying token with current date: 21/04/2025 04:47:40
[04:47:40]  DEBUG: verify_session - Token found in database, session: {'id': 1, 'user_id': 1, 'token': 'c2efd95ce334e681946a80fbd5d1dca6607a06ffbf8da70d23a47878d162bc6c', 'created_at': '20/04/2025 22:58:13', 'expires_at': '2025-04-21T22:58:13', 'email': 'admin@nimhawk.com', 'admin': True}
[04:47:40]  DEBUG: verify_session - Expiration date: 2025-04-21T22:58:13
[04:47:40]  DEBUG: verify_session - Session valid
[04:47:40]  DEBUG: verify_session - Session valid for user: admin@nimhawk.com
[04:47:40]  DEBUG: Token verified successfully for user: admin@nimhawk.com
[04:47:40]  Fetching console history for leZnnhUc, limit: 50, offset: 0, order: DESC
[04:47:42]  DEBUG: Final token used - c2efd95ce3
[04:47:42]  DEBUG: verify_session - Token to verify: c2efd95ce3...
[04:47:42]  DEBUG: verify_session - Verifying token with current date: 21/04/2025 04:47:42
[04:47:42]  DEBUG: verify_session - Token found in database, session: {'id': 1, 'user_id': 1, 'token': 'c2efd95ce334e681946a80fbd5d1dca6607a06ffbf8da70d23a47878d162bc6c', 'created_at': '20/04/2025 22:58:13', 'expires_at': '2025-04-21T22:58:13', 'email': 'admin@nimhawk.com', 'admin': True}
[04:47:42]  DEBUG: verify_session - Expiration date: 2025-04-21T22:58:13
[04:47:42]  DEBUG: verify_session - Session valid
[04:47:42]  DEBUG: verify_session - Session valid for user: admin@nimhawk.com
[04:47:42]  DEBUG: Token verified successfully for user: admin@nimhawk.com
[04:47:42]  Fetching console history for leZnnhUc, limit: 50, offset: 0, order: DESC
[04:47:48]  DEBUG: [ROUTE ACTIVATED] task_path: GET /task from 192.168.100.20
[04:47:48]  DEBUG: Complete headers: {'Content-Type': 'application/json', 'Connection': 'Keep-Alive', 'Accept': '*/*', 'Accept-Encoding': 'gzip', 'User-Agent': 'Mozilla/5.0 (Windows NT 10.0; Trident/7.0; rv:11.0) like Gecko', 'X-Request-Id': 'leZnnhUc', 'X-Correlation-Id': 'PASIOnodnoqonasond12314', 'Host': '192.168.100.57'}
[04:47:48]  DEBUG: Verifying headers - X-Request-ID: 'leZnnhUc'
[04:47:48]  DEBUG: Verifying headers - User-Agent: 'Mozilla/5.0 (Windows NT 10.0; Trident/7.0; rv:11.0) like Gecko' (expected: 'Mozilla/5.0 (Windows NT 10.0; Trident/7.0; rv:11.0) like Gecko')
[04:47:48]  DEBUG: Implant found: leZnnhUc, active: True
[04:47:48]  DEBUG: Valid User-Agent
[04:47:48]  DEBUG: Pending tasks found: 0
[04:47:48]  Implant #1 checked in. Total check-ins: 34
[04:47:48]  DEBUG: Final pending_tasks value:
[04:47:48]  DEBUG: Final pending_tasks value:
[04:47:48]  DEBUG: Check-in completed, implant in state ACTIVE, late=False
[04:47:48]  DEBUG: Last connection updated to: 21/04/2025 04:47:48
[04:47:48]  DEBUG: db_nimplant_log - Logging entry for implant leZnnhUc
[04:47:48]  DEBUG: db_nimplant_log - Entry logged successfully
[04:47:48]  DEBUG: Pending tasks after check-in: 0
[04:47:48]  DEBUG: No pending tasks to deliver
[04:47:48]  DEBUG: Final token used - c2efd95ce3
[04:47:48]  DEBUG: verify_session - Token to verify: c2efd95ce3...
[04:47:48]  DEBUG: verify_session - Verifying token with current date: 21/04/2025 04:47:48
[04:47:48]  DEBUG: verify_session - Token found in database, session: {'id': 1, 'user_id': 1, 'token': 'c2efd95ce334e681946a80fbd5d1dca6607a06ffbf8da70d23a47878d162bc6c', 'created_at': '20/04/2025 22:58:13', 'expires_at': '2025-04-21T22:58:13', 'email': 'admin@nimhawk.com', 'admin': True}
[04:47:48]  DEBUG: verify_session - Expiration date: 2025-04-21T22:58:13
[04:47:48]  DEBUG: verify_session - Session valid
[04:47:48]  DEBUG: verify_session - Session valid for user: admin@nimhawk.com
[04:47:48]  DEBUG: Token verified successfully for user: admin@nimhawk.com
[04:47:48]  DEBUG: db_get_nimplant_info - Querying nimplants for server_guid: A0ba8qwD
[04:47:48]  DEBUG: db_get_nimplant_info - Total Implants in the table: 25
[04:47:48]  DEBUG: db_get_nimplant_info - Implants for this server: 1
[04:47:48]  DEBUG: db_get_nimplant_info - Results obtained: 1
[04:47:48]  DEBUG: db_get_nimplant_info - First record: {'id': 1, 'guid': 'leZnnhUc', 'active': True, 'late': False, 'ipAddrInt': '192.168.56.1', 'ipAddrExt': '192.168.100.20', 'username': 'hdbreaker', 'hostname': 'WINDOWS-LAB', 'pid': 10872, 'pname': 'implant.exe', 'lastCheckin': '21/04/2025 04:47:48', 'workspace_uuid': ''}
[04:47:48]  DEBUG: Getting all implants, count: 1
[04:47:48]  DEBUG: Total workspaces found: 0
[04:47:48]  DEBUG: Implant leZnnhUc has no workspace_uuid assigned
[04:47:48]  DEBUG: Final token used - c2efd95ce3
[04:47:48]  DEBUG: verify_session - Token to verify: c2efd95ce3...
[04:47:48]  DEBUG: verify_session - Verifying token with current date: 21/04/2025 04:47:48
[04:47:48]  DEBUG: verify_session - Token found in database, session: {'id': 1, 'user_id': 1, 'token': 'c2efd95ce334e681946a80fbd5d1dca6607a06ffbf8da70d23a47878d162bc6c', 'created_at': '20/04/2025 22:58:13', 'expires_at': '2025-04-21T22:58:13', 'email': 'admin@nimhawk.com', 'admin': True}
[04:47:48]  DEBUG: verify_session - Expiration date: 2025-04-21T22:58:13
[04:47:48]  DEBUG: verify_session - Session valid
[04:47:48]  DEBUG: verify_session - Session valid for user: admin@nimhawk.com
[04:47:48]  DEBUG: Token verified successfully for user: admin@nimhawk.com
[04:47:48]  DEBUG: Final token used - c2efd95ce3
[04:47:48]  DEBUG: verify_session - Token to verify: c2efd95ce3...
[04:47:48]  DEBUG: verify_session - Verifying token with current date: 21/04/2025 04:47:48
[04:47:48]  DEBUG: verify_session - Token found in database, session: {'id': 1, 'user_id': 1, 'token': 'c2efd95ce334e681946a80fbd5d1dca6607a06ffbf8da70d23a47878d162bc6c', 'created_at': '20/04/2025 22:58:13', 'expires_at': '2025-04-21T22:58:13', 'email': 'admin@nimhawk.com', 'admin': True}
[04:47:48]  DEBUG: verify_session - Expiration date: 2025-04-21T22:58:13
[04:47:48]  DEBUG: verify_session - Session valid
[04:47:48]  DEBUG: verify_session - Session valid for user: admin@nimhawk.com
[04:47:48]  DEBUG: Token verified successfully for user: admin@nimhawk.com
[04:47:48]  DEBUG: db_get_file_transfers - Querying transfers for: leZnnhUc
[04:47:48]  DEBUG: db_get_file_transfers - Found 14 transfers
[04:47:48]  DEBUG: Final token used - c2efd95ce3
[04:47:48]  DEBUG: verify_session - Token to verify: c2efd95ce3...
[04:47:48]  DEBUG: verify_session - Verifying token with current date: 21/04/2025 04:47:48
[04:47:48]  DEBUG: verify_session - Token found in database, session: {'id': 1, 'user_id': 1, 'token': 'c2efd95ce334e681946a80fbd5d1dca6607a06ffbf8da70d23a47878d162bc6c', 'created_at': '20/04/2025 22:58:13', 'expires_at': '2025-04-21T22:58:13', 'email': 'admin@nimhawk.com', 'admin': True}
[04:47:48]  DEBUG: verify_session - Expiration date: 2025-04-21T22:58:13
[04:47:48]  DEBUG: verify_session - Session valid
[04:47:48]  DEBUG: verify_session - Session valid for user: admin@nimhawk.com
[04:47:48]  DEBUG: Token verified successfully for user: admin@nimhawk.com
[04:47:48]  DEBUG: /api/downloads - Request received
[04:47:48]  DEBUG: /api/downloads - Filtering by GUID: leZnnhUc
[04:47:48]  DEBUG: /api/downloads - Looking in path: /Users/hdbreaker/Desktop/Scripts/Nimhawk/server/downloads/server-A0ba8qwD
[04:47:48]  DEBUG: /api/downloads - Found 0 items
[04:47:48]  DEBUG: Final token used - c2efd95ce3
[04:47:48]  DEBUG: verify_session - Token to verify: c2efd95ce3...
[04:47:48]  DEBUG: verify_session - Verifying token with current date: 21/04/2025 04:47:48
[04:47:48]  DEBUG: verify_session - Token found in database, session: {'id': 1, 'user_id': 1, 'token': 'c2efd95ce334e681946a80fbd5d1dca6607a06ffbf8da70d23a47878d162bc6c', 'created_at': '20/04/2025 22:58:13', 'expires_at': '2025-04-21T22:58:13', 'email': 'admin@nimhawk.com', 'admin': True}
[04:47:48]  DEBUG: verify_session - Expiration date: 2025-04-21T22:58:13
[04:47:48]  DEBUG: verify_session - Session valid
[04:47:48]  DEBUG: verify_session - Session valid for user: admin@nimhawk.com
[04:47:48]  DEBUG: Token verified successfully for user: admin@nimhawk.com
[04:47:48]  DEBUG: Final token used - c2efd95ce3
[04:47:48]  DEBUG: verify_session - Token to verify: c2efd95ce3...
[04:47:48]  DEBUG: verify_session - Verifying token with current date: 21/04/2025 04:47:48
[04:47:48]  DEBUG: verify_session - Token found in database, session: {'id': 1, 'user_id': 1, 'token': 'c2efd95ce334e681946a80fbd5d1dca6607a06ffbf8da70d23a47878d162bc6c', 'created_at': '20/04/2025 22:58:13', 'expires_at': '2025-04-21T22:58:13', 'email': 'admin@nimhawk.com', 'admin': True}
[04:47:48]  DEBUG: verify_session - Expiration date: 2025-04-21T22:58:13
[04:47:48]  DEBUG: verify_session - Session valid
[04:47:48]  DEBUG: verify_session - Session valid for user: admin@nimhawk.com
[04:47:48]  DEBUG: Token verified successfully for user: admin@nimhawk.com
[04:47:48]  Fetching console history for leZnnhUc, limit: 50, offset: 0, order: DESC
[04:47:50]  DEBUG: Final token used - c2efd95ce3
[04:47:50]  DEBUG: verify_session - Token to verify: c2efd95ce3...
[04:47:50]  DEBUG: verify_session - Verifying token with current date: 21/04/2025 04:47:50
[04:47:50]  DEBUG: verify_session - Token found in database, session: {'id': 1, 'user_id': 1, 'token': 'c2efd95ce334e681946a80fbd5d1dca6607a06ffbf8da70d23a47878d162bc6c', 'created_at': '20/04/2025 22:58:13', 'expires_at': '2025-04-21T22:58:13', 'email': 'admin@nimhawk.com', 'admin': True}
[04:47:50]  DEBUG: verify_session - Expiration date: 2025-04-21T22:58:13
[04:47:50]  DEBUG: verify_session - Session valid
[04:47:50]  DEBUG: verify_session - Session valid for user: admin@nimhawk.com
[04:47:50]  DEBUG: Token verified successfully for user: admin@nimhawk.com
[04:47:50]  Fetching console history for leZnnhUc, limit: 50, offset: 0, order: DESC
[04:47:51]  DEBUG: Final token used - c2efd95ce3
[04:47:51]  DEBUG: verify_session - Token to verify: c2efd95ce3...
[04:47:51]  DEBUG: verify_session - Verifying token with current date: 21/04/2025 04:47:51
[04:47:51]  DEBUG: verify_session - Token found in database, session: {'id': 1, 'user_id': 1, 'token': 'c2efd95ce334e681946a80fbd5d1dca6607a06ffbf8da70d23a47878d162bc6c', 'created_at': '20/04/2025 22:58:13', 'expires_at': '2025-04-21T22:58:13', 'email': 'admin@nimhawk.com', 'admin': True}
[04:47:51]  DEBUG: verify_session - Expiration date: 2025-04-21T22:58:13
[04:47:51]  DEBUG: verify_session - Session valid
[04:47:51]  DEBUG: verify_session - Session valid for user: admin@nimhawk.com
[04:47:51]  DEBUG: Token verified successfully for user: admin@nimhawk.com
